#
# A fatal error has been detected by the Java Runtime Environment:
#
#  EXCEPTION_ACCESS_VIOLATION (0xc0000005) at pc=0x630e5c40, pid=2520, tid=3224
#
# JRE version: Java(TM) SE Runtime Environment (7.0_45-b18) (build 1.7.0_45-b18)
# Java VM: Java HotSpot(TM) Client VM (24.45-b08 mixed mode windows-x86 )
# Problematic frame:
# V  [jvm.dll+0x35c40]
#
# Failed to write core dump. Minidumps are not enabled by default on client versions of Windows
#
# If you would like to submit a bug report, please visit:
#   http://bugreport.sun.com/bugreport/crash.jsp
#

---------------  T H R E A D  ---------------

Current thread (0x17caf800):  JavaThread "JDWP Transport Listener: dt_socket" daemon [_thread_in_vm, id=3224, stack(0x18440000,0x18490000)]

siginfo: ExceptionCode=0xc0000005, reading address 0x00000008

Registers:
EAX=0x03da3ac0, EBX=0x17caf800, ECX=0x00000000, EDX=0x00000000
ESP=0x1848f664, EBP=0x1848f668, ESI=0x00000000, EDI=0x6510e15c
EIP=0x630e5c40, EFLAGS=0x00010246

Top of Stack: (sp=0x1848f664)
0x1848f664:   17caf930 1848f690 63171206 03da3ac0
0x1848f674:   6510e15c 17caf930 6510e174 17caf800
0x1848f684:   00000000 17caf930 1848f754 6510e99c
0x1848f694:   650f63b2 17caf930 03da3ac0 00000000
0x1848f6a4:   1848f6c8 1848f754 17d1fcd0 1848f704
0x1848f6b4:   17c7f264 1848f6d4 650fbd27 1848f6d4
0x1848f6c4:   1848f708 6510e890 72385004 65112c68
0x1848f6d4:   17cfeaf8 0000000b 17ca0000 00000013 

Instructions: (pc=0x630e5c40)
0x630e5c20:   8b 0d 18 1a 3e 63 85 c9 7e 05 8b 0c 01 eb 02 33
0x630e5c30:   c9 8b 15 1c 1a 3e 63 85 d2 7e 05 8b 04 02 eb 03
0x630e5c40:   8b 46 08 85 c0 75 0f 33 c9 50 51 e8 90 67 15 00
0x630e5c50:   83 c4 08 5e 5d c3 8d 4c 4e 0c 50 51 e8 7f 67 15 


Register to memory mapping:

EAX=0x03da3ac0 is an oop
java.lang.String 
 - klass: 'java/lang/String'
EBX=0x17caf800 is a thread
ECX=0x00000000 is an unknown value
EDX=0x00000000 is an unknown value
ESP=0x1848f664 is pointing into the stack for thread: 0x17caf800
EBP=0x1848f668 is pointing into the stack for thread: 0x17caf800
ESI=0x00000000 is an unknown value
EDI=0x6510e15c is an unknown value


Stack: [0x18440000,0x18490000],  sp=0x1848f664,  free space=317k
Native frames: (J=compiled Java code, j=interpreted, Vv=VM code, C=native code)
V  [jvm.dll+0x35c40]
V  [jvm.dll+0xc1206]


---------------  P R O C E S S  ---------------

Java Threads: ( => current thread )
  0x17ccdc00 JavaThread "Service Thread" daemon [_thread_blocked, id=1960, stack(0x186f0000,0x18740000)]
  0x17ccac00 JavaThread "C1 CompilerThread0" daemon [_thread_blocked, id=2800, stack(0x18670000,0x186c0000)]
  0x17cbcc00 JavaThread "JDWP Command Reader" daemon [_thread_in_native, id=2364, stack(0x17fe0000,0x18030000)]
  0x17cb9800 JavaThread "JDWP Event Helper Thread" daemon [_thread_blocked, id=3208, stack(0x182f0000,0x18340000)]
=>0x17caf800 JavaThread "JDWP Transport Listener: dt_socket" daemon [_thread_in_vm, id=3224, stack(0x18440000,0x18490000)]
  0x17ca6400 JavaThread "Attach Listener" daemon [_thread_blocked, id=3796, stack(0x18150000,0x181a0000)]
  0x17ca3400 JavaThread "Signal Dispatcher" daemon [_thread_blocked, id=1840, stack(0x18060000,0x180b0000)]
  0x17c75c00 JavaThread "Finalizer" daemon [_thread_blocked, id=2388, stack(0x180c0000,0x18110000)]
  0x17c70800 JavaThread "Reference Handler" daemon [_thread_blocked, id=2216, stack(0x17f50000,0x17fa0000)]
  0x0127c000 JavaThread "main" [_thread_blocked, id=1432, stack(0x01c10000,0x01c60000)]

Other Threads:
  0x17c6f400 VMThread [stack: 0x17ee0000,0x17f30000] [id=4048]
  0x17cd7800 WatcherThread [stack: 0x18750000,0x187a0000] [id=3152]

VM state:not at safepoint (normal execution)

VM Mutex/Monitor currently owned by a thread: None

Heap
 def new generation   total 4928K, used 1408K [0x03c60000, 0x041b0000, 0x091b0000)
  eden space 4416K,  31% used [0x03c60000, 0x03dbcec8, 0x040b0000)
  from space 512K,   2% used [0x04130000, 0x04133180, 0x041b0000)
  to   space 512K,   0% used [0x040b0000, 0x040b0000, 0x04130000)
 tenured generation   total 10944K, used 522K [0x091b0000, 0x09c60000, 0x13c60000)
   the space 10944K,   4% used [0x091b0000, 0x092328d8, 0x09232a00, 0x09c60000)
 compacting perm gen  total 12288K, used 1723K [0x13c60000, 0x14860000, 0x17c60000)
   the space 12288K,  14% used [0x13c60000, 0x13e0ef18, 0x13e0f000, 0x14860000)
No shared spaces configured.

Card table byte_map: [0x01b10000,0x01bc0000] byte_map_base: 0x01af1d00

Polling page: 0x00280000

Code Cache  [0x01c60000, 0x01d18000, 0x03c60000)
 total_blobs=187 nmethods=64 adapters=68 free_code_cache=32037Kb largest_free_block=32806016

Compilation events (10 events):
Event: 37.136 Thread 0x17ccac00   60             SQF.Functions::ArrayToString (153 bytes)
Event: 37.137 Thread 0x17ccac00 nmethod 60 0x01d11a88 code [0x01d11c50, 0x01d121e0]
Event: 37.137 Thread 0x17ccac00   61             SQF.Functions::getArrayContentFromTo (86 bytes)
Event: 37.139 Thread 0x17ccac00 nmethod 61 0x01d12b48 code [0x01d12d80, 0x01d13a64]
Event: 37.139 Thread 0x17ccac00   62             SQF.Functions::meltArrays (94 bytes)
Event: 37.139 Thread 0x17ccac00 nmethod 62 0x01d14908 code [0x01d14a20, 0x01d14cb0]
Event: 37.158 Thread 0x17ccac00   63             SQF.Functions::removeString (71 bytes)
Event: 37.160 Thread 0x17ccac00 nmethod 63 0x01d14f88 code [0x01d15160, 0x01d1589c]
Event: 37.653 Thread 0x17ccac00   64             SQF.Functions::whichPosition (107 bytes)
Event: 37.653 Thread 0x17ccac00 nmethod 64 0x01d16308 code [0x01d16480, 0x01d166e4]

GC Heap History (10 events):
Event: 38.329 GC heap before
{Heap before GC invocations=204 (full 0):
 def new generation   total 4928K, used 4428K [0x03c60000, 0x041b0000, 0x091b0000)
  eden space 4416K, 100% used [0x03c60000, 0x040b0000, 0x040b0000)
  from space 512K,   2% used [0x040b0000, 0x040b3188, 0x04130000)
  to   space 512K,   0% used [0x04130000, 0x04130000, 0x041b0000)
 tenured generation   total 10944K, used 518K [0x091b0000, 0x09c60000, 0x13c60000)
   the space 10944K,   4% used [0x091b0000, 0x09231858, 0x09231a00, 0x09c60000)
 compacting perm gen  total 12288K, used 1723K [0x13c60000, 0x14860000, 0x17c60000)
   the space 12288K,  14% used [0x13c60000, 0x13e0ef18, 0x13e0f000, 0x14860000)
No shared spaces configured.
Event: 38.330 GC heap after
Heap after GC invocations=205 (full 0):
 def new generation   total 4928K, used 12K [0x03c60000, 0x041b0000, 0x091b0000)
  eden space 4416K,   0% used [0x03c60000, 0x03c60000, 0x040b0000)
  from space 512K,   2% used [0x04130000, 0x041331b0, 0x041b0000)
  to   space 512K,   0% used [0x040b0000, 0x040b0000, 0x04130000)
 tenured generation   total 10944K, used 518K [0x091b0000, 0x09c60000, 0x13c60000)
   the space 10944K,   4% used [0x091b0000, 0x09231bb8, 0x09231c00, 0x09c60000)
 compacting perm gen  total 12288K, used 1723K [0x13c60000, 0x14860000, 0x17c60000)
   the space 12288K,  14% used [0x13c60000, 0x13e0ef18, 0x13e0f000, 0x14860000)
No shared spaces configured.
}
Event: 38.335 GC heap before
{Heap before GC invocations=205 (full 0):
 def new generation   total 4928K, used 4428K [0x03c60000, 0x041b0000, 0x091b0000)
  eden space 4416K, 100% used [0x03c60000, 0x040b0000, 0x040b0000)
  from space 512K,   2% used [0x04130000, 0x041331b0, 0x041b0000)
  to   space 512K,   0% used [0x040b0000, 0x040b0000, 0x04130000)
 tenured generation   total 10944K, used 518K [0x091b0000, 0x09c60000, 0x13c60000)
   the space 10944K,   4% used [0x091b0000, 0x09231bb8, 0x09231c00, 0x09c60000)
 compacting perm gen  total 12288K, used 1723K [0x13c60000, 0x14860000, 0x17c60000)
   the space 12288K,  14% used [0x13c60000, 0x13e0ef18, 0x13e0f000, 0x14860000)
No shared spaces configured.
Event: 38.336 GC heap after
Heap after GC invocations=206 (full 0):
 def new generation   total 4928K, used 12K [0x03c60000, 0x041b0000, 0x091b0000)
  eden space 4416K,   0% used [0x03c60000, 0x03c60000, 0x040b0000)
  from space 512K,   2% used [0x040b0000, 0x040b3178, 0x04130000)
  to   space 512K,   0% used [0x04130000, 0x04130000, 0x041b0000)
 tenured generation   total 10944K, used 519K [0x091b0000, 0x09c60000, 0x13c60000)
   the space 10944K,   4% used [0x091b0000, 0x09231ee8, 0x09232000, 0x09c60000)
 compacting perm gen  total 12288K, used 1723K [0x13c60000, 0x14860000, 0x17c60000)
   the space 12288K,  14% used [0x13c60000, 0x13e0ef18, 0x13e0f000, 0x14860000)
No shared spaces configured.
}
Event: 38.342 GC heap before
{Heap before GC invocations=206 (full 0):
 def new generation   total 4928K, used 4428K [0x03c60000, 0x041b0000, 0x091b0000)
  eden space 4416K, 100% used [0x03c60000, 0x040b0000, 0x040b0000)
  from space 512K,   2% used [0x040b0000, 0x040b3178, 0x04130000)
  to   space 512K,   0% used [0x04130000, 0x04130000, 0x041b0000)
 tenured generation   total 10944K, used 519K [0x091b0000, 0x09c60000, 0x13c60000)
   the space 10944K,   4% used [0x091b0000, 0x09231ee8, 0x09232000, 0x09c60000)
 compacting perm gen  total 12288K, used 1723K [0x13c60000, 0x14860000, 0x17c60000)
   the space 12288K,  14% used [0x13c60000, 0x13e0ef18, 0x13e0f000, 0x14860000)
No shared spaces configured.
Event: 38.342 GC heap after
Heap after GC invocations=207 (full 0):
 def new generation   total 4928K, used 12K [0x03c60000, 0x041b0000, 0x091b0000)
  eden space 4416K,   0% used [0x03c60000, 0x03c60000, 0x040b0000)
  from space 512K,   2% used [0x04130000, 0x041331c0, 0x041b0000)
  to   space 512K,   0% used [0x040b0000, 0x040b0000, 0x04130000)
 tenured generation   total 10944K, used 520K [0x091b0000, 0x09c60000, 0x13c60000)
   the space 10944K,   4% used [0x091b0000, 0x09232248, 0x09232400, 0x09c60000)
 compacting perm gen  total 12288K, used 1723K [0x13c60000, 0x14860000, 0x17c60000)
   the space 12288K,  14% used [0x13c60000, 0x13e0ef18, 0x13e0f000, 0x14860000)
No shared spaces configured.
}
Event: 38.348 GC heap before
{Heap before GC invocations=207 (full 0):
 def new generation   total 4928K, used 4428K [0x03c60000, 0x041b0000, 0x091b0000)
  eden space 4416K, 100% used [0x03c60000, 0x040b0000, 0x040b0000)
  from space 512K,   2% used [0x04130000, 0x041331c0, 0x041b0000)
  to   space 512K,   0% used [0x040b0000, 0x040b0000, 0x04130000)
 tenured generation   total 10944K, used 520K [0x091b0000, 0x09c60000, 0x13c60000)
   the space 10944K,   4% used [0x091b0000, 0x09232248, 0x09232400, 0x09c60000)
 compacting perm gen  total 12288K, used 1723K [0x13c60000, 0x14860000, 0x17c60000)
   the space 12288K,  14% used [0x13c60000, 0x13e0ef18, 0x13e0f000, 0x14860000)
No shared spaces configured.
Event: 38.349 GC heap after
Heap after GC invocations=208 (full 0):
 def new generation   total 4928K, used 12K [0x03c60000, 0x041b0000, 0x091b0000)
  eden space 4416K,   0% used [0x03c60000, 0x03c60000, 0x040b0000)
  from space 512K,   2% used [0x040b0000, 0x040b3230, 0x04130000)
  to   space 512K,   0% used [0x04130000, 0x04130000, 0x041b0000)
 tenured generation   total 10944K, used 521K [0x091b0000, 0x09c60000, 0x13c60000)
   the space 10944K,   4% used [0x091b0000, 0x09232578, 0x09232600, 0x09c60000)
 compacting perm gen  total 12288K, used 1723K [0x13c60000, 0x14860000, 0x17c60000)
   the space 12288K,  14% used [0x13c60000, 0x13e0ef18, 0x13e0f000, 0x14860000)
No shared spaces configured.
}
Event: 38.354 GC heap before
{Heap before GC invocations=208 (full 0):
 def new generation   total 4928K, used 4428K [0x03c60000, 0x041b0000, 0x091b0000)
  eden space 4416K, 100% used [0x03c60000, 0x040b0000, 0x040b0000)
  from space 512K,   2% used [0x040b0000, 0x040b3230, 0x04130000)
  to   space 512K,   0% used [0x04130000, 0x04130000, 0x041b0000)
 tenured generation   total 10944K, used 521K [0x091b0000, 0x09c60000, 0x13c60000)
   the space 10944K,   4% used [0x091b0000, 0x09232578, 0x09232600, 0x09c60000)
 compacting perm gen  total 12288K, used 1723K [0x13c60000, 0x14860000, 0x17c60000)
   the space 12288K,  14% used [0x13c60000, 0x13e0ef18, 0x13e0f000, 0x14860000)
No shared spaces configured.
Event: 38.355 GC heap after
Heap after GC invocations=209 (full 0):
 def new generation   total 4928K, used 12K [0x03c60000, 0x041b0000, 0x091b0000)
  eden space 4416K,   0% used [0x03c60000, 0x03c60000, 0x040b0000)
  from space 512K,   2% used [0x04130000, 0x04133180, 0x041b0000)
  to   space 512K,   0% used [0x040b0000, 0x040b0000, 0x04130000)
 tenured generation   total 10944K, used 522K [0x091b0000, 0x09c60000, 0x13c60000)
   the space 10944K,   4% used [0x091b0000, 0x092328d8, 0x09232a00, 0x09c60000)
 compacting perm gen  total 12288K, used 1723K [0x13c60000, 0x14860000, 0x17c60000)
   the space 12288K,  14% used [0x13c60000, 0x13e0ef18, 0x13e0f000, 0x14860000)
No shared spaces configured.
}

Deoptimization events (0 events):
No events

Internal exceptions (4 events):
Event: 0.030 Thread 0x0127c000 Threw 0x03c6aba8 at C:\re\jdk7u45\229\hotspot\src\share\vm\prims\jni.cpp:3991
Event: 0.216 Thread 0x0127c000 Threw 0x03cc7e78 at C:\re\jdk7u45\229\hotspot\src\share\vm\prims\jvm.cpp:1244
Event: 0.231 Thread 0x0127c000 Threw 0x03d086a0 at C:\re\jdk7u45\229\hotspot\src\share\vm\prims\jvm.cpp:1244
Event: 38.357 Thread 0x0127c000 StackOverflowError at 0x01cf77a0

Events (10 events):
Event: 38.342 Executing VM operation: GenCollectForAllocation
Event: 38.343 Executing VM operation: GenCollectForAllocation done
Event: 38.348 Executing VM operation: GenCollectForAllocation
Event: 38.349 Executing VM operation: GenCollectForAllocation done
Event: 38.354 Executing VM operation: GenCollectForAllocation
Event: 38.355 Executing VM operation: GenCollectForAllocation done
Event: 40.308 Executing VM operation: GetOrSetLocal
Event: 40.308 Executing VM operation: GetOrSetLocal done
Event: 40.460 Executing VM operation: GetOrSetLocal
Event: 40.460 Executing VM operation: GetOrSetLocal done


Dynamic libraries:
0x01280000 - 0x012af000 	C:\Program Files\Java\jre7\bin\javaw.exe
0x77710000 - 0x7784c000 	C:\Windows\SYSTEM32\ntdll.dll
0x75f20000 - 0x75ff4000 	C:\Windows\system32\kernel32.dll
0x75810000 - 0x7585b000 	C:\Windows\system32\KERNELBASE.dll
0x778a0000 - 0x77940000 	C:\Windows\system32\ADVAPI32.dll
0x75e00000 - 0x75eac000 	C:\Windows\system32\msvcrt.dll
0x77870000 - 0x77889000 	C:\Windows\SYSTEM32\sechost.dll
0x75ab0000 - 0x75b51000 	C:\Windows\system32\RPCRT4.dll
0x76000000 - 0x760c9000 	C:\Windows\system32\USER32.dll
0x76ef0000 - 0x76f3e000 	C:\Windows\system32\GDI32.dll
0x76ee0000 - 0x76eea000 	C:\Windows\system32\LPK.dll
0x77670000 - 0x7770d000 	C:\Windows\system32\USP10.dll
0x73f20000 - 0x740be000 	C:\Windows\WinSxS\x86_microsoft.windows.common-controls_6595b64144ccf1df_6.0.7601.17514_none_41e6975e2bd6f2b2\COMCTL32.dll
0x75eb0000 - 0x75f07000 	C:\Windows\system32\SHLWAPI.dll
0x77850000 - 0x7786f000 	C:\Windows\system32\IMM32.DLL
0x76130000 - 0x761fc000 	C:\Windows\system32\MSCTF.dll
0x58800000 - 0x58822000 	c:\mts\XpHooks.dll
0x75b60000 - 0x75bef000 	C:\Windows\system32\oleaut32.dll
0x772a0000 - 0x773fc000 	C:\Windows\system32\ole32.dll
0x73000000 - 0x73012000 	C:\Windows\system32\mpr.dll
0x64f60000 - 0x6501f000 	C:\Program Files\Java\jre7\bin\msvcr100.dll
0x630b0000 - 0x63430000 	C:\Program Files\Java\jre7\bin\client\jvm.dll
0x74b60000 - 0x74b67000 	C:\Windows\system32\WSOCK32.dll
0x75c00000 - 0x75c35000 	C:\Windows\system32\WS2_32.dll
0x77890000 - 0x77896000 	C:\Windows\system32\NSI.dll
0x73030000 - 0x73062000 	C:\Windows\system32\WINMM.dll
0x75f10000 - 0x75f15000 	C:\Windows\system32\PSAPI.DLL
0x6fd70000 - 0x6fd7c000 	C:\Program Files\Java\jre7\bin\verify.dll
0x650d0000 - 0x650f0000 	C:\Program Files\Java\jre7\bin\java.dll
0x650f0000 - 0x6511a000 	C:\Program Files\Java\jre7\bin\jdwp.dll
0x723a0000 - 0x723a7000 	C:\Program Files\Java\jre7\bin\npt.dll
0x650b0000 - 0x650c3000 	C:\Program Files\Java\jre7\bin\zip.dll
0x72380000 - 0x72388000 	C:\Program Files\Java\jre7\bin\dt_socket.dll
0x74430000 - 0x74440000 	C:\Windows\system32\NLAapi.dll
0x735d0000 - 0x735e0000 	C:\Windows\system32\napinsp.dll
0x735b0000 - 0x735c2000 	C:\Windows\system32\pnrpnsp.dll
0x75220000 - 0x7525c000 	C:\Windows\System32\mswsock.dll
0x75060000 - 0x750a4000 	C:\Windows\system32\DNSAPI.dll
0x73660000 - 0x73668000 	C:\Windows\System32\winrnr.dll
0x73700000 - 0x73727000 	C:\Program Files\Common Files\Microsoft Shared\Windows Live\WLIDNSP.DLL
0x74240000 - 0x7425c000 	C:\Windows\system32\IPHLPAPI.DLL
0x74200000 - 0x74207000 	C:\Windows\system32\WINNSI.DLL
0x74280000 - 0x742b8000 	C:\Windows\System32\fwpuclnt.dll
0x736f0000 - 0x736f6000 	C:\Windows\system32\rasadhlp.dll
0x74c40000 - 0x74c45000 	C:\Windows\System32\wshtcpip.dll
0x685b0000 - 0x6869b000 	C:\Windows\system32\dbghelp.dll

VM Arguments:
jvm_args: -agentlib:jdwp=transport=dt_socket,suspend=y,address=localhost:49774 -Dfile.encoding=Cp1252 
java_command: SQF.ArmACommandsLOCAL
Launcher Type: SUN_STANDARD

Environment Variables:
CLASSPATH=.;C:\Program Files\Java\jre7\lib\ext\QTJava.zip
PATH=C:/Program Files/Java/jre7/bin/client;C:/Program Files/Java/jre7/bin;C:/Program Files/Java/jre7/lib/i386;C:\Program Files\Common Files\Microsoft Shared\Windows Live;C:\Windows\system32;C:\Windows;C:\Windows\system32\Wbem;C:\Windows\system32\WindowsPowerShell\v1.0\;C:\Program Files\QuickTime\QTSystem\;C:\Mts;C:\Program Files\Windows Live\Shared;P:\eclipse-java-luna-R-win32\eclipse;
USERNAME=Lokaler Benutzer
OS=Windows_NT
PROCESSOR_IDENTIFIER=x86 Family 6 Model 58 Stepping 9, GenuineIntel



---------------  S Y S T E M  ---------------

OS: Windows 7 Build 7601 Service Pack 1

CPU:total 4 (2 cores per cpu, 2 threads per core) family 6 model 58 stepping 9, cmov, cx8, fxsr, mmx, sse, sse2, sse3, ssse3, sse4.1, sse4.2, popcnt, avx, erms, ht, tsc, tscinvbit, tscinv

Memory: 4k page, physical 3540536k(2034532k free), swap 7079328k(5553392k free)

vm_info: Java HotSpot(TM) Client VM (24.45-b08) for windows-x86 JRE (1.7.0_45-b18), built on Oct  8 2013 06:02:43 by "java_re" with unknown MS VC++:1600

time: Thu Mar 05 10:19:21 2015
elapsed time: 40 seconds

