\BOOKMARK [0][-]{chapter*.2}{Preamble}{}% 1
\BOOKMARK [0][-]{chapter.1}{Installation}{}% 2
\BOOKMARK [1][-]{section.1.1}{Download + Prerequisites}{chapter.1}% 3
\BOOKMARK [2][-]{subsection.1.1.1}{Prerequisites - Eclipse}{section.1.1}% 4
\BOOKMARK [2][-]{subsection.1.1.2}{SQDev}{section.1.1}% 5
\BOOKMARK [1][-]{section.1.2}{Installation}{chapter.1}% 6
\BOOKMARK [0][-]{chapter.2}{Getting Started}{}% 7
\BOOKMARK [1][-]{section.2.1}{First start}{chapter.2}% 8
\BOOKMARK [1][-]{section.2.2}{New Project from scratch}{chapter.2}% 9
\BOOKMARK [1][-]{section.2.3}{New project from existing mission/project}{chapter.2}% 10
\BOOKMARK [1][-]{section.2.4}{Workflow within a SQDev project}{chapter.2}% 11
\BOOKMARK [0][-]{chapter.3}{Introduction to Eclipse}{}% 12
\BOOKMARK [1][-]{section.3.1}{Basics}{chapter.3}% 13
\BOOKMARK [2][-]{subsection.3.1.1}{Terminology}{section.3.1}% 14
\BOOKMARK [2][-]{subsection.3.1.2}{UI structure}{section.3.1}% 15
\BOOKMARK [2][-]{subsection.3.1.3}{\(Re-\)Opening a specific view/perspective}{section.3.1}% 16
\BOOKMARK [1][-]{section.3.2}{Customizations}{chapter.3}% 17
\BOOKMARK [0][-]{chapter.4}{Feature Overview}{}% 18
\BOOKMARK [1][-]{section.4.1}{Implemented Features}{chapter.4}% 19
\BOOKMARK [2][-]{subsection.4.1.1}{SQF-Editor}{section.4.1}% 20
\BOOKMARK [2][-]{subsection.4.1.2}{StringTableEditor}{section.4.1}% 21
\BOOKMARK [2][-]{subsection.4.1.3}{RPT-Viewer}{section.4.1}% 22
\BOOKMARK [2][-]{subsection.4.1.4}{Wizards}{section.4.1}% 23
\BOOKMARK [2][-]{subsection.4.1.5}{Config- and Header-Editor}{section.4.1}% 24
\BOOKMARK [2][-]{subsection.4.1.6}{SQDev-File-Editor}{section.4.1}% 25
\BOOKMARK [2][-]{subsection.4.1.7}{SQDev-Perspective}{section.4.1}% 26
\BOOKMARK [2][-]{subsection.4.1.8}{Linking}{section.4.1}% 27
\BOOKMARK [2][-]{subsection.4.1.9}{Command-update}{section.4.1}% 28
\BOOKMARK [1][-]{section.4.2}{Future Plans}{chapter.4}% 29
\BOOKMARK [0][-]{chapter.5}{Configuring the plugin}{}% 30
\BOOKMARK [1][-]{section.5.1}{Settings}{chapter.5}% 31
\BOOKMARK [1][-]{section.5.2}{Configuration Files}{chapter.5}% 32
\BOOKMARK [2][-]{subsection.5.2.1}{SQDev-files}{section.5.2}% 33
\BOOKMARK [2][-]{subsection.5.2.2}{link.sqdev}{section.5.2}% 34
\BOOKMARK [2][-]{subsection.5.2.3}{SQFKeywords.txt}{section.5.2}% 35
\BOOKMARK [0][-]{chapter.6}{Tips and Tricks}{}% 36
\BOOKMARK [0][-]{chapter.7}{Contributing}{}% 37
\BOOKMARK [1][-]{section.7.1}{Reporting Bugs}{chapter.7}% 38
\BOOKMARK [1][-]{section.7.2}{Feature requests + Improvement suggestions}{chapter.7}% 39
\BOOKMARK [1][-]{section.7.3}{Maintain the BIKI}{chapter.7}% 40
\BOOKMARK [1][-]{section.7.4}{Contact}{chapter.7}% 41
\BOOKMARK [0][-]{chapter.8}{Version History}{}% 42
